<?xml version="1.0" encoding="UTF-8"?>
<testng-results ignored="20" total="31" passed="7" failed="3" skipped="1">
  <reporter-output>
    <line>
      <![CDATA[contact is created]]>
    </line>
    <line>
      <![CDATA[last name is edited]]>
    </line>
    <line>
      <![CDATA[Campaign is created]]>
    </line>
    <line>
      <![CDATA[contact is created]]>
    </line>
    <line>
      <![CDATA[contact is deleted]]>
    </line>
    <line>
      <![CDATA[Campaign is edited]]>
    </line>
    <line>
      <![CDATA[Campaign is deleted]]>
    </line>
    <line>
      <![CDATA[contact is edited successfully]]>
    </line>
    <line>
      <![CDATA[contact is deleted successfully]]>
    </line>
    <line>
      <![CDATA[Product is successfully created]]>
    </line>
    <line>
      <![CDATA[Ticket is created]]>
    </line>
    <line>
      <![CDATA[product is successfully edited]]>
    </line>
    <line>
      <![CDATA[product is successfully deleted]]>
    </line>
    <line>
      <![CDATA[Ticket is edited]]>
    </line>
    <line>
      <![CDATA[Ticket is deleted]]>
    </line>
    <line>
      <![CDATA[project oops is created]]>
    </line>
    <line>
      <![CDATA[Organisation is created]]>
    </line>
    <line>
      <![CDATA[ProjectName is successfully edited]]>
    </line>
    <line>
      <![CDATA[Organisation is edited successfully]]>
    </line>
    <line>
      <![CDATA[Organisation is deleted successfully]]>
    </line>
    <line>
      <![CDATA[Project is successfully deleted]]>
    </line>
  </reporter-output>
  <suite started-at="2023-02-07T11:46:01 IST" name="Suite" finished-at="2023-02-07T11:47:27 IST" duration-ms="85561">
    <groups>
    </groups>
    <test started-at="2023-02-07T11:46:01 IST" name="Test" finished-at="2023-02-07T11:47:27 IST" duration-ms="85561">
      <class name="com.crm.Opportunity.CreateEditDeleteOpportunity">
        <test-method is-config="true" signature="launchTheBrowser()[pri:0, instance:com.crm.Opportunity.CreateEditDeleteOpportunity@17497425]" started-at="2023-02-07T11:46:50 IST" name="launchTheBrowser" finished-at="2023-02-07T11:46:55 IST" duration-ms="4546" status="PASS">
          <reporter-output>
          </reporter-output>
        </test-method> <!-- launchTheBrowser -->
        <test-method is-config="true" signature="loginToAppln()[pri:0, instance:com.crm.Opportunity.CreateEditDeleteOpportunity@17497425]" started-at="2023-02-07T11:46:55 IST" name="loginToAppln" finished-at="2023-02-07T11:46:59 IST" duration-ms="3803" status="PASS">
          <reporter-output>
          </reporter-output>
        </test-method> <!-- loginToAppln -->
        <test-method signature="createEditDeleteOpportunity()[pri:0, instance:com.crm.Opportunity.CreateEditDeleteOpportunity@17497425]" started-at="2023-02-07T11:46:59 IST" name="createEditDeleteOpportunity" finished-at="2023-02-07T11:47:25 IST" duration-ms="26854" status="FAIL">
          <exception class="org.openqa.selenium.NoSuchElementException">
            <message>
              <![CDATA[no such element: Unable to locate element: {"method":"xpath","selector":"//td[contains(.,'Sales Stage')]/..//div[@id='s2id_autogen7']"}
  (Session info: chrome=109.0.5414.120)
For documentation on this error, please visit: https://www.seleniumhq.org/exceptions/no_such_element.html
Build info: version: '3.141.59', revision: 'e82be7d358', time: '2018-11-14T08:17:03'
System info: host: 'DESKTOP-FODCQ2C', ip: '192.168.1.7', os.name: 'Windows 11', os.arch: 'amd64', os.version: '10.0', java.version: '17.0.6'
Driver info: org.openqa.selenium.chrome.ChromeDriver
Capabilities {acceptInsecureCerts: false, browserName: chrome, browserVersion: 109.0.5414.120, chrome: {chromedriverVersion: 109.0.5414.74 (e7c5703604da..., userDataDir: C:\Users\LENOVO\AppData\Loc...}, goog:chromeOptions: {debuggerAddress: localhost:49181}, javascriptEnabled: true, networkConnectionEnabled: false, pageLoadStrategy: normal, platform: WINDOWS, platformName: WINDOWS, proxy: Proxy(), setWindowRect: true, strictFileInteractability: false, timeouts: {implicit: 0, pageLoad: 300000, script: 30000}, unhandledPromptBehavior: dismiss and notify, webauthn:extension:credBlob: true, webauthn:extension:largeBlob: true, webauthn:virtualAuthenticators: true}
Session ID: b1e73bc3d9327535dcaf01f8d7ac29c2
*** Element info: {Using=xpath, value=//td[contains(.,'Sales Stage')]/..//div[@id='s2id_autogen7']}]]>
            </message>
            <full-stacktrace>
              <![CDATA[org.openqa.selenium.NoSuchElementException: no such element: Unable to locate element: {"method":"xpath","selector":"//td[contains(.,'Sales Stage')]/..//div[@id='s2id_autogen7']"}
  (Session info: chrome=109.0.5414.120)
For documentation on this error, please visit: https://www.seleniumhq.org/exceptions/no_such_element.html
Build info: version: '3.141.59', revision: 'e82be7d358', time: '2018-11-14T08:17:03'
System info: host: 'DESKTOP-FODCQ2C', ip: '192.168.1.7', os.name: 'Windows 11', os.arch: 'amd64', os.version: '10.0', java.version: '17.0.6'
Driver info: org.openqa.selenium.chrome.ChromeDriver
Capabilities {acceptInsecureCerts: false, browserName: chrome, browserVersion: 109.0.5414.120, chrome: {chromedriverVersion: 109.0.5414.74 (e7c5703604da..., userDataDir: C:\Users\LENOVO\AppData\Loc...}, goog:chromeOptions: {debuggerAddress: localhost:49181}, javascriptEnabled: true, networkConnectionEnabled: false, pageLoadStrategy: normal, platform: WINDOWS, platformName: WINDOWS, proxy: Proxy(), setWindowRect: true, strictFileInteractability: false, timeouts: {implicit: 0, pageLoad: 300000, script: 30000}, unhandledPromptBehavior: dismiss and notify, webauthn:extension:credBlob: true, webauthn:extension:largeBlob: true, webauthn:virtualAuthenticators: true}
Session ID: b1e73bc3d9327535dcaf01f8d7ac29c2
*** Element info: {Using=xpath, value=//td[contains(.,'Sales Stage')]/..//div[@id='s2id_autogen7']}
at java.base/jdk.internal.reflect.NativeConstructorAccessorImpl.newInstance0(Native Method)
at java.base/jdk.internal.reflect.NativeConstructorAccessorImpl.newInstance(NativeConstructorAccessorImpl.java:77)
at java.base/jdk.internal.reflect.DelegatingConstructorAccessorImpl.newInstance(DelegatingConstructorAccessorImpl.java:45)
at java.base/java.lang.reflect.Constructor.newInstanceWithCaller(Constructor.java:499)
at java.base/java.lang.reflect.Constructor.newInstance(Constructor.java:480)
at org.openqa.selenium.remote.http.W3CHttpResponseCodec.createException(W3CHttpResponseCodec.java:187)
at org.openqa.selenium.remote.http.W3CHttpResponseCodec.decode(W3CHttpResponseCodec.java:122)
at org.openqa.selenium.remote.http.W3CHttpResponseCodec.decode(W3CHttpResponseCodec.java:49)
at org.openqa.selenium.remote.HttpCommandExecutor.execute(HttpCommandExecutor.java:158)
at org.openqa.selenium.remote.service.DriverCommandExecutor.execute(DriverCommandExecutor.java:83)
at org.openqa.selenium.remote.RemoteWebDriver.execute(RemoteWebDriver.java:552)
at org.openqa.selenium.remote.RemoteWebDriver.findElement(RemoteWebDriver.java:323)
at org.openqa.selenium.remote.RemoteWebDriver.findElementByXPath(RemoteWebDriver.java:428)
at org.openqa.selenium.By$ByXPath.findElement(By.java:353)
at org.openqa.selenium.remote.RemoteWebDriver.findElement(RemoteWebDriver.java:315)
at com.crm.OpportunitiesObjectRepo.AddOpportunityPage.selectStatusStageLead(AddOpportunityPage.java:79)
at com.crm.Opportunity.CreateEditDeleteOpportunity.createEditDeleteOpportunity(CreateEditDeleteOpportunity.java:90)
at java.base/jdk.internal.reflect.NativeMethodAccessorImpl.invoke0(Native Method)
at java.base/jdk.internal.reflect.NativeMethodAccessorImpl.invoke(NativeMethodAccessorImpl.java:77)
at java.base/jdk.internal.reflect.DelegatingMethodAccessorImpl.invoke(DelegatingMethodAccessorImpl.java:43)
at java.base/java.lang.reflect.Method.invoke(Method.java:568)
at org.testng.internal.MethodInvocationHelper.invokeMethod(MethodInvocationHelper.java:133)
at org.testng.internal.TestInvoker.invokeMethod(TestInvoker.java:598)
at org.testng.internal.TestInvoker.invokeTestMethod(TestInvoker.java:173)
at org.testng.internal.MethodRunner.runInSequence(MethodRunner.java:46)
at org.testng.internal.TestInvoker$MethodInvocationAgent.invoke(TestInvoker.java:824)
at org.testng.internal.TestInvoker.invokeTestMethods(TestInvoker.java:146)
at org.testng.internal.TestMethodWorker.invokeTestMethods(TestMethodWorker.java:146)
at org.testng.internal.TestMethodWorker.run(TestMethodWorker.java:128)
at java.base/java.util.concurrent.ThreadPoolExecutor.runWorker(ThreadPoolExecutor.java:1136)
at java.base/java.util.concurrent.ThreadPoolExecutor$Worker.run(ThreadPoolExecutor.java:635)
at java.base/java.lang.Thread.run(Thread.java:833)
]]>
            </full-stacktrace>
          </exception> <!-- org.openqa.selenium.NoSuchElementException -->
          <reporter-output>
          </reporter-output>
        </test-method> <!-- createEditDeleteOpportunity -->
        <test-method is-config="true" signature="logoutFromAppln()[pri:0, instance:com.crm.Opportunity.CreateEditDeleteOpportunity@17497425]" started-at="2023-02-07T11:47:25 IST" name="logoutFromAppln" finished-at="2023-02-07T11:47:27 IST" duration-ms="1180" status="PASS">
          <reporter-output>
          </reporter-output>
        </test-method> <!-- logoutFromAppln -->
        <test-method is-config="true" signature="closeTheBrowser()[pri:0, instance:com.crm.Opportunity.CreateEditDeleteOpportunity@17497425]" started-at="2023-02-07T11:47:27 IST" name="closeTheBrowser" finished-at="2023-02-07T11:47:27 IST" duration-ms="204" status="PASS">
          <reporter-output>
          </reporter-output>
        </test-method> <!-- closeTheBrowser -->
      </class> <!-- com.crm.Opportunity.CreateEditDeleteOpportunity -->
      <class name="com.crm.SalesProduct.CreateEditDeleteProduct">
        <test-method is-config="true" signature="launchTheBrowser()[pri:0, instance:com.crm.SalesProduct.CreateEditDeleteProduct@6e0f5f7f]" started-at="2023-02-07T11:46:01 IST" name="launchTheBrowser" finished-at="2023-02-07T11:46:10 IST" duration-ms="8869" status="PASS">
          <reporter-output>
          </reporter-output>
        </test-method> <!-- launchTheBrowser -->
        <test-method is-config="true" signature="loginToAppln()[pri:0, instance:com.crm.SalesProduct.CreateEditDeleteProduct@6e0f5f7f]" started-at="2023-02-07T11:46:10 IST" name="loginToAppln" finished-at="2023-02-07T11:46:20 IST" duration-ms="10090" status="FAIL">
          <exception class="org.openqa.selenium.NoSuchElementException">
            <message>
              <![CDATA[no such element: Unable to locate element: {"method":"xpath","selector":"//input[@id='username']"}
  (Session info: chrome=109.0.5414.120)
For documentation on this error, please visit: https://www.seleniumhq.org/exceptions/no_such_element.html
Build info: version: '3.141.59', revision: 'e82be7d358', time: '2018-11-14T08:17:03'
System info: host: 'DESKTOP-FODCQ2C', ip: '192.168.1.7', os.name: 'Windows 11', os.arch: 'amd64', os.version: '10.0', java.version: '17.0.6'
Driver info: org.openqa.selenium.chrome.ChromeDriver
Capabilities {acceptInsecureCerts: false, browserName: chrome, browserVersion: 109.0.5414.120, chrome: {chromedriverVersion: 109.0.5414.74 (e7c5703604da..., userDataDir: C:\Users\LENOVO\AppData\Loc...}, goog:chromeOptions: {debuggerAddress: localhost:65336}, javascriptEnabled: true, networkConnectionEnabled: false, pageLoadStrategy: normal, platform: WINDOWS, platformName: WINDOWS, proxy: Proxy(), setWindowRect: true, strictFileInteractability: false, timeouts: {implicit: 0, pageLoad: 300000, script: 30000}, unhandledPromptBehavior: dismiss and notify, webauthn:extension:credBlob: true, webauthn:extension:largeBlob: true, webauthn:virtualAuthenticators: true}
Session ID: 7699646848fa3f92333fdd0186420988
*** Element info: {Using=xpath, value=//input[@id='username']}]]>
            </message>
            <full-stacktrace>
              <![CDATA[org.openqa.selenium.NoSuchElementException: no such element: Unable to locate element: {"method":"xpath","selector":"//input[@id='username']"}
  (Session info: chrome=109.0.5414.120)
For documentation on this error, please visit: https://www.seleniumhq.org/exceptions/no_such_element.html
Build info: version: '3.141.59', revision: 'e82be7d358', time: '2018-11-14T08:17:03'
System info: host: 'DESKTOP-FODCQ2C', ip: '192.168.1.7', os.name: 'Windows 11', os.arch: 'amd64', os.version: '10.0', java.version: '17.0.6'
Driver info: org.openqa.selenium.chrome.ChromeDriver
Capabilities {acceptInsecureCerts: false, browserName: chrome, browserVersion: 109.0.5414.120, chrome: {chromedriverVersion: 109.0.5414.74 (e7c5703604da..., userDataDir: C:\Users\LENOVO\AppData\Loc...}, goog:chromeOptions: {debuggerAddress: localhost:65336}, javascriptEnabled: true, networkConnectionEnabled: false, pageLoadStrategy: normal, platform: WINDOWS, platformName: WINDOWS, proxy: Proxy(), setWindowRect: true, strictFileInteractability: false, timeouts: {implicit: 0, pageLoad: 300000, script: 30000}, unhandledPromptBehavior: dismiss and notify, webauthn:extension:credBlob: true, webauthn:extension:largeBlob: true, webauthn:virtualAuthenticators: true}
Session ID: 7699646848fa3f92333fdd0186420988
*** Element info: {Using=xpath, value=//input[@id='username']}
at java.base/jdk.internal.reflect.NativeConstructorAccessorImpl.newInstance0(Native Method)
at java.base/jdk.internal.reflect.NativeConstructorAccessorImpl.newInstance(NativeConstructorAccessorImpl.java:77)
at java.base/jdk.internal.reflect.DelegatingConstructorAccessorImpl.newInstance(DelegatingConstructorAccessorImpl.java:45)
at java.base/java.lang.reflect.Constructor.newInstanceWithCaller(Constructor.java:499)
at java.base/java.lang.reflect.Constructor.newInstance(Constructor.java:480)
at org.openqa.selenium.remote.http.W3CHttpResponseCodec.createException(W3CHttpResponseCodec.java:187)
at org.openqa.selenium.remote.http.W3CHttpResponseCodec.decode(W3CHttpResponseCodec.java:122)
at org.openqa.selenium.remote.http.W3CHttpResponseCodec.decode(W3CHttpResponseCodec.java:49)
at org.openqa.selenium.remote.HttpCommandExecutor.execute(HttpCommandExecutor.java:158)
at org.openqa.selenium.remote.service.DriverCommandExecutor.execute(DriverCommandExecutor.java:83)
at org.openqa.selenium.remote.RemoteWebDriver.execute(RemoteWebDriver.java:552)
at org.openqa.selenium.remote.RemoteWebDriver.findElement(RemoteWebDriver.java:323)
at org.openqa.selenium.remote.RemoteWebDriver.findElementByXPath(RemoteWebDriver.java:428)
at org.openqa.selenium.By$ByXPath.findElement(By.java:353)
at org.openqa.selenium.remote.RemoteWebDriver.findElement(RemoteWebDriver.java:315)
at org.openqa.selenium.support.pagefactory.DefaultElementLocator.findElement(DefaultElementLocator.java:69)
at org.openqa.selenium.support.pagefactory.internal.LocatingElementHandler.invoke(LocatingElementHandler.java:38)
at jdk.proxy2/jdk.proxy2.$Proxy16.sendKeys(Unknown Source)
at LoginHomeMenoObjectRepo.LoginPage.loginToAppli(LoginPage.java:45)
at com.crm.genericUtilities.BaseClass.loginToAppln(BaseClass.java:90)
at java.base/jdk.internal.reflect.NativeMethodAccessorImpl.invoke0(Native Method)
at java.base/jdk.internal.reflect.NativeMethodAccessorImpl.invoke(NativeMethodAccessorImpl.java:77)
at java.base/jdk.internal.reflect.DelegatingMethodAccessorImpl.invoke(DelegatingMethodAccessorImpl.java:43)
at java.base/java.lang.reflect.Method.invoke(Method.java:568)
at org.testng.internal.MethodInvocationHelper.invokeMethod(MethodInvocationHelper.java:133)
at org.testng.internal.MethodInvocationHelper.invokeMethodConsideringTimeout(MethodInvocationHelper.java:62)
at org.testng.internal.ConfigInvoker.invokeConfigurationMethod(ConfigInvoker.java:385)
at org.testng.internal.ConfigInvoker.invokeConfigurations(ConfigInvoker.java:321)
at org.testng.internal.TestInvoker.runConfigMethods(TestInvoker.java:700)
at org.testng.internal.TestInvoker.invokeMethod(TestInvoker.java:527)
at org.testng.internal.TestInvoker.invokeTestMethod(TestInvoker.java:173)
at org.testng.internal.MethodRunner.runInSequence(MethodRunner.java:46)
at org.testng.internal.TestInvoker$MethodInvocationAgent.invoke(TestInvoker.java:824)
at org.testng.internal.TestInvoker.invokeTestMethods(TestInvoker.java:146)
at org.testng.internal.TestMethodWorker.invokeTestMethods(TestMethodWorker.java:146)
at org.testng.internal.TestMethodWorker.run(TestMethodWorker.java:128)
at java.base/java.util.concurrent.ThreadPoolExecutor.runWorker(ThreadPoolExecutor.java:1136)
at java.base/java.util.concurrent.ThreadPoolExecutor$Worker.run(ThreadPoolExecutor.java:635)
at java.base/java.lang.Thread.run(Thread.java:833)
]]>
            </full-stacktrace>
          </exception> <!-- org.openqa.selenium.NoSuchElementException -->
          <reporter-output>
          </reporter-output>
        </test-method> <!-- loginToAppln -->
        <test-method signature="createEditDeleteProduct()[pri:0, instance:com.crm.SalesProduct.CreateEditDeleteProduct@6e0f5f7f]" started-at="2023-02-07T11:46:20 IST" name="createEditDeleteProduct" finished-at="2023-02-07T11:46:20 IST" duration-ms="0" status="SKIP">
          <exception class="org.openqa.selenium.NoSuchElementException">
            <message>
              <![CDATA[no such element: Unable to locate element: {"method":"xpath","selector":"//input[@id='username']"}
  (Session info: chrome=109.0.5414.120)
For documentation on this error, please visit: https://www.seleniumhq.org/exceptions/no_such_element.html
Build info: version: '3.141.59', revision: 'e82be7d358', time: '2018-11-14T08:17:03'
System info: host: 'DESKTOP-FODCQ2C', ip: '192.168.1.7', os.name: 'Windows 11', os.arch: 'amd64', os.version: '10.0', java.version: '17.0.6'
Driver info: org.openqa.selenium.chrome.ChromeDriver
Capabilities {acceptInsecureCerts: false, browserName: chrome, browserVersion: 109.0.5414.120, chrome: {chromedriverVersion: 109.0.5414.74 (e7c5703604da..., userDataDir: C:\Users\LENOVO\AppData\Loc...}, goog:chromeOptions: {debuggerAddress: localhost:65336}, javascriptEnabled: true, networkConnectionEnabled: false, pageLoadStrategy: normal, platform: WINDOWS, platformName: WINDOWS, proxy: Proxy(), setWindowRect: true, strictFileInteractability: false, timeouts: {implicit: 0, pageLoad: 300000, script: 30000}, unhandledPromptBehavior: dismiss and notify, webauthn:extension:credBlob: true, webauthn:extension:largeBlob: true, webauthn:virtualAuthenticators: true}
Session ID: 7699646848fa3f92333fdd0186420988
*** Element info: {Using=xpath, value=//input[@id='username']}]]>
            </message>
            <full-stacktrace>
              <![CDATA[org.openqa.selenium.NoSuchElementException: no such element: Unable to locate element: {"method":"xpath","selector":"//input[@id='username']"}
  (Session info: chrome=109.0.5414.120)
For documentation on this error, please visit: https://www.seleniumhq.org/exceptions/no_such_element.html
Build info: version: '3.141.59', revision: 'e82be7d358', time: '2018-11-14T08:17:03'
System info: host: 'DESKTOP-FODCQ2C', ip: '192.168.1.7', os.name: 'Windows 11', os.arch: 'amd64', os.version: '10.0', java.version: '17.0.6'
Driver info: org.openqa.selenium.chrome.ChromeDriver
Capabilities {acceptInsecureCerts: false, browserName: chrome, browserVersion: 109.0.5414.120, chrome: {chromedriverVersion: 109.0.5414.74 (e7c5703604da..., userDataDir: C:\Users\LENOVO\AppData\Loc...}, goog:chromeOptions: {debuggerAddress: localhost:65336}, javascriptEnabled: true, networkConnectionEnabled: false, pageLoadStrategy: normal, platform: WINDOWS, platformName: WINDOWS, proxy: Proxy(), setWindowRect: true, strictFileInteractability: false, timeouts: {implicit: 0, pageLoad: 300000, script: 30000}, unhandledPromptBehavior: dismiss and notify, webauthn:extension:credBlob: true, webauthn:extension:largeBlob: true, webauthn:virtualAuthenticators: true}
Session ID: 7699646848fa3f92333fdd0186420988
*** Element info: {Using=xpath, value=//input[@id='username']}
at java.base/jdk.internal.reflect.NativeConstructorAccessorImpl.newInstance0(Native Method)
at java.base/jdk.internal.reflect.NativeConstructorAccessorImpl.newInstance(NativeConstructorAccessorImpl.java:77)
at java.base/jdk.internal.reflect.DelegatingConstructorAccessorImpl.newInstance(DelegatingConstructorAccessorImpl.java:45)
at java.base/java.lang.reflect.Constructor.newInstanceWithCaller(Constructor.java:499)
at java.base/java.lang.reflect.Constructor.newInstance(Constructor.java:480)
at org.openqa.selenium.remote.http.W3CHttpResponseCodec.createException(W3CHttpResponseCodec.java:187)
at org.openqa.selenium.remote.http.W3CHttpResponseCodec.decode(W3CHttpResponseCodec.java:122)
at org.openqa.selenium.remote.http.W3CHttpResponseCodec.decode(W3CHttpResponseCodec.java:49)
at org.openqa.selenium.remote.HttpCommandExecutor.execute(HttpCommandExecutor.java:158)
at org.openqa.selenium.remote.service.DriverCommandExecutor.execute(DriverCommandExecutor.java:83)
at org.openqa.selenium.remote.RemoteWebDriver.execute(RemoteWebDriver.java:552)
at org.openqa.selenium.remote.RemoteWebDriver.findElement(RemoteWebDriver.java:323)
at org.openqa.selenium.remote.RemoteWebDriver.findElementByXPath(RemoteWebDriver.java:428)
at org.openqa.selenium.By$ByXPath.findElement(By.java:353)
at org.openqa.selenium.remote.RemoteWebDriver.findElement(RemoteWebDriver.java:315)
at org.openqa.selenium.support.pagefactory.DefaultElementLocator.findElement(DefaultElementLocator.java:69)
at org.openqa.selenium.support.pagefactory.internal.LocatingElementHandler.invoke(LocatingElementHandler.java:38)
at jdk.proxy2/jdk.proxy2.$Proxy16.sendKeys(Unknown Source)
at LoginHomeMenoObjectRepo.LoginPage.loginToAppli(LoginPage.java:45)
at com.crm.genericUtilities.BaseClass.loginToAppln(BaseClass.java:90)
at java.base/jdk.internal.reflect.NativeMethodAccessorImpl.invoke0(Native Method)
at java.base/jdk.internal.reflect.NativeMethodAccessorImpl.invoke(NativeMethodAccessorImpl.java:77)
at java.base/jdk.internal.reflect.DelegatingMethodAccessorImpl.invoke(DelegatingMethodAccessorImpl.java:43)
at java.base/java.lang.reflect.Method.invoke(Method.java:568)
at org.testng.internal.MethodInvocationHelper.invokeMethod(MethodInvocationHelper.java:133)
at org.testng.internal.MethodInvocationHelper.invokeMethodConsideringTimeout(MethodInvocationHelper.java:62)
at org.testng.internal.ConfigInvoker.invokeConfigurationMethod(ConfigInvoker.java:385)
at org.testng.internal.ConfigInvoker.invokeConfigurations(ConfigInvoker.java:321)
at org.testng.internal.TestInvoker.runConfigMethods(TestInvoker.java:700)
at org.testng.internal.TestInvoker.invokeMethod(TestInvoker.java:527)
at org.testng.internal.TestInvoker.invokeTestMethod(TestInvoker.java:173)
at org.testng.internal.MethodRunner.runInSequence(MethodRunner.java:46)
at org.testng.internal.TestInvoker$MethodInvocationAgent.invoke(TestInvoker.java:824)
at org.testng.internal.TestInvoker.invokeTestMethods(TestInvoker.java:146)
at org.testng.internal.TestMethodWorker.invokeTestMethods(TestMethodWorker.java:146)
at org.testng.internal.TestMethodWorker.run(TestMethodWorker.java:128)
at java.base/java.util.concurrent.ThreadPoolExecutor.runWorker(ThreadPoolExecutor.java:1136)
at java.base/java.util.concurrent.ThreadPoolExecutor$Worker.run(ThreadPoolExecutor.java:635)
at java.base/java.lang.Thread.run(Thread.java:833)
]]>
            </full-stacktrace>
          </exception> <!-- org.openqa.selenium.NoSuchElementException -->
          <reporter-output>
          </reporter-output>
        </test-method> <!-- createEditDeleteProduct -->
        <test-method is-config="true" signature="logoutFromAppln()[pri:0, instance:com.crm.SalesProduct.CreateEditDeleteProduct@6e0f5f7f]" started-at="2023-02-07T11:46:20 IST" name="logoutFromAppln" finished-at="1970-01-01T05:30:00 IST" duration-ms="-1675750580807" status="SKIP">
          <reporter-output>
          </reporter-output>
        </test-method> <!-- logoutFromAppln -->
        <test-method is-config="true" signature="closeTheBrowser()[pri:0, instance:com.crm.SalesProduct.CreateEditDeleteProduct@6e0f5f7f]" started-at="2023-02-07T11:46:20 IST" name="closeTheBrowser" finished-at="1970-01-01T05:30:00 IST" duration-ms="-1675750580810" status="SKIP">
          <reporter-output>
          </reporter-output>
        </test-method> <!-- closeTheBrowser -->
      </class> <!-- com.crm.SalesProduct.CreateEditDeleteProduct -->
      <class name="com.crm.contacts.CreateContactEditcontactDeleteContact">
        <test-method is-config="true" signature="launchTheBrowser()[pri:0, instance:com.crm.contacts.CreateContactEditcontactDeleteContact@434a63ab]" started-at="2023-02-07T11:46:01 IST" name="launchTheBrowser" finished-at="2023-02-07T11:46:12 IST" duration-ms="10460" status="PASS">
          <reporter-output>
          </reporter-output>
        </test-method> <!-- launchTheBrowser -->
        <test-method is-config="true" signature="loginToAppln()[pri:0, instance:com.crm.contacts.CreateContactEditcontactDeleteContact@434a63ab]" started-at="2023-02-07T11:46:12 IST" name="loginToAppln" finished-at="2023-02-07T11:46:18 IST" duration-ms="6092" status="PASS">
          <reporter-output>
          </reporter-output>
        </test-method> <!-- loginToAppln -->
        <test-method signature="createContact()[pri:0, instance:com.crm.contacts.CreateContactEditcontactDeleteContact@434a63ab]" started-at="2023-02-07T11:46:18 IST" name="createContact" finished-at="2023-02-07T11:46:44 IST" duration-ms="26332" status="PASS">
          <reporter-output>
            <line>
              <![CDATA[contact is created]]>
            </line>
            <line>
              <![CDATA[last name is edited]]>
            </line>
            <line>
              <![CDATA[contact is deleted]]>
            </line>
          </reporter-output>
        </test-method> <!-- createContact -->
        <test-method is-config="true" signature="logoutFromAppln()[pri:0, instance:com.crm.contacts.CreateContactEditcontactDeleteContact@434a63ab]" started-at="2023-02-07T11:46:44 IST" name="logoutFromAppln" finished-at="2023-02-07T11:46:47 IST" duration-ms="2540" status="PASS">
          <reporter-output>
          </reporter-output>
        </test-method> <!-- logoutFromAppln -->
        <test-method is-config="true" signature="closeTheBrowser()[pri:0, instance:com.crm.contacts.CreateContactEditcontactDeleteContact@434a63ab]" started-at="2023-02-07T11:46:47 IST" name="closeTheBrowser" finished-at="2023-02-07T11:46:47 IST" duration-ms="619" status="PASS">
          <reporter-output>
          </reporter-output>
        </test-method> <!-- closeTheBrowser -->
      </class> <!-- com.crm.contacts.CreateContactEditcontactDeleteContact -->
      <class name="com.crm.Leads.CreateLeadEditLeadDeleteLead">
        <test-method is-config="true" signature="launchTheBrowser()[pri:0, instance:com.crm.Leads.CreateLeadEditLeadDeleteLead@37d4349f]" started-at="2023-02-07T11:46:01 IST" name="launchTheBrowser" finished-at="2023-02-07T11:46:10 IST" duration-ms="8954" status="PASS">
          <reporter-output>
          </reporter-output>
        </test-method> <!-- launchTheBrowser -->
        <test-method is-config="true" signature="loginToAppln()[pri:0, instance:com.crm.Leads.CreateLeadEditLeadDeleteLead@37d4349f]" started-at="2023-02-07T11:46:10 IST" name="loginToAppln" finished-at="2023-02-07T11:46:17 IST" duration-ms="6518" status="PASS">
          <reporter-output>
          </reporter-output>
        </test-method> <!-- loginToAppln -->
        <test-method signature="createLeadEditLeadDeleteLead()[pri:0, instance:com.crm.Leads.CreateLeadEditLeadDeleteLead@37d4349f]" started-at="2023-02-07T11:46:17 IST" name="createLeadEditLeadDeleteLead" finished-at="2023-02-07T11:46:27 IST" duration-ms="10212" status="FAIL">
          <exception class="org.openqa.selenium.NoSuchElementException">
            <message>
              <![CDATA[no such element: Unable to locate element: {"method":"xpath","selector":"//a[@class='menu-item-name vicon-leads']"}
  (Session info: chrome=109.0.5414.120)
For documentation on this error, please visit: https://www.seleniumhq.org/exceptions/no_such_element.html
Build info: version: '3.141.59', revision: 'e82be7d358', time: '2018-11-14T08:17:03'
System info: host: 'DESKTOP-FODCQ2C', ip: '192.168.1.7', os.name: 'Windows 11', os.arch: 'amd64', os.version: '10.0', java.version: '17.0.6'
Driver info: org.openqa.selenium.chrome.ChromeDriver
Capabilities {acceptInsecureCerts: false, browserName: chrome, browserVersion: 109.0.5414.120, chrome: {chromedriverVersion: 109.0.5414.74 (e7c5703604da..., userDataDir: C:\Users\LENOVO\AppData\Loc...}, goog:chromeOptions: {debuggerAddress: localhost:65339}, javascriptEnabled: true, networkConnectionEnabled: false, pageLoadStrategy: normal, platform: WINDOWS, platformName: WINDOWS, proxy: Proxy(), setWindowRect: true, strictFileInteractability: false, timeouts: {implicit: 0, pageLoad: 300000, script: 30000}, unhandledPromptBehavior: dismiss and notify, webauthn:extension:credBlob: true, webauthn:extension:largeBlob: true, webauthn:virtualAuthenticators: true}
Session ID: 789e5b1189f8d726cdcf1fd33e21b0bf
*** Element info: {Using=xpath, value=//a[@class='menu-item-name vicon-leads']}]]>
            </message>
            <full-stacktrace>
              <![CDATA[org.openqa.selenium.NoSuchElementException: no such element: Unable to locate element: {"method":"xpath","selector":"//a[@class='menu-item-name vicon-leads']"}
  (Session info: chrome=109.0.5414.120)
For documentation on this error, please visit: https://www.seleniumhq.org/exceptions/no_such_element.html
Build info: version: '3.141.59', revision: 'e82be7d358', time: '2018-11-14T08:17:03'
System info: host: 'DESKTOP-FODCQ2C', ip: '192.168.1.7', os.name: 'Windows 11', os.arch: 'amd64', os.version: '10.0', java.version: '17.0.6'
Driver info: org.openqa.selenium.chrome.ChromeDriver
Capabilities {acceptInsecureCerts: false, browserName: chrome, browserVersion: 109.0.5414.120, chrome: {chromedriverVersion: 109.0.5414.74 (e7c5703604da..., userDataDir: C:\Users\LENOVO\AppData\Loc...}, goog:chromeOptions: {debuggerAddress: localhost:65339}, javascriptEnabled: true, networkConnectionEnabled: false, pageLoadStrategy: normal, platform: WINDOWS, platformName: WINDOWS, proxy: Proxy(), setWindowRect: true, strictFileInteractability: false, timeouts: {implicit: 0, pageLoad: 300000, script: 30000}, unhandledPromptBehavior: dismiss and notify, webauthn:extension:credBlob: true, webauthn:extension:largeBlob: true, webauthn:virtualAuthenticators: true}
Session ID: 789e5b1189f8d726cdcf1fd33e21b0bf
*** Element info: {Using=xpath, value=//a[@class='menu-item-name vicon-leads']}
at java.base/jdk.internal.reflect.NativeConstructorAccessorImpl.newInstance0(Native Method)
at java.base/jdk.internal.reflect.NativeConstructorAccessorImpl.newInstance(NativeConstructorAccessorImpl.java:77)
at java.base/jdk.internal.reflect.DelegatingConstructorAccessorImpl.newInstance(DelegatingConstructorAccessorImpl.java:45)
at java.base/java.lang.reflect.Constructor.newInstanceWithCaller(Constructor.java:499)
at java.base/java.lang.reflect.Constructor.newInstance(Constructor.java:480)
at org.openqa.selenium.remote.http.W3CHttpResponseCodec.createException(W3CHttpResponseCodec.java:187)
at org.openqa.selenium.remote.http.W3CHttpResponseCodec.decode(W3CHttpResponseCodec.java:122)
at org.openqa.selenium.remote.http.W3CHttpResponseCodec.decode(W3CHttpResponseCodec.java:49)
at org.openqa.selenium.remote.HttpCommandExecutor.execute(HttpCommandExecutor.java:158)
at org.openqa.selenium.remote.service.DriverCommandExecutor.execute(DriverCommandExecutor.java:83)
at org.openqa.selenium.remote.RemoteWebDriver.execute(RemoteWebDriver.java:552)
at org.openqa.selenium.remote.RemoteWebDriver.findElement(RemoteWebDriver.java:323)
at org.openqa.selenium.remote.RemoteWebDriver.findElementByXPath(RemoteWebDriver.java:428)
at org.openqa.selenium.By$ByXPath.findElement(By.java:353)
at org.openqa.selenium.remote.RemoteWebDriver.findElement(RemoteWebDriver.java:315)
at org.openqa.selenium.support.pagefactory.DefaultElementLocator.findElement(DefaultElementLocator.java:69)
at org.openqa.selenium.support.pagefactory.internal.LocatingElementHandler.invoke(LocatingElementHandler.java:38)
at jdk.proxy2/jdk.proxy2.$Proxy16.click(Unknown Source)
at com.crm.Leads.CreateLeadEditLeadDeleteLead.createLeadEditLeadDeleteLead(CreateLeadEditLeadDeleteLead.java:27)
at java.base/jdk.internal.reflect.NativeMethodAccessorImpl.invoke0(Native Method)
at java.base/jdk.internal.reflect.NativeMethodAccessorImpl.invoke(NativeMethodAccessorImpl.java:77)
at java.base/jdk.internal.reflect.DelegatingMethodAccessorImpl.invoke(DelegatingMethodAccessorImpl.java:43)
at java.base/java.lang.reflect.Method.invoke(Method.java:568)
at org.testng.internal.MethodInvocationHelper.invokeMethod(MethodInvocationHelper.java:133)
at org.testng.internal.TestInvoker.invokeMethod(TestInvoker.java:598)
at org.testng.internal.TestInvoker.invokeTestMethod(TestInvoker.java:173)
at org.testng.internal.MethodRunner.runInSequence(MethodRunner.java:46)
at org.testng.internal.TestInvoker$MethodInvocationAgent.invoke(TestInvoker.java:824)
at org.testng.internal.TestInvoker.invokeTestMethods(TestInvoker.java:146)
at org.testng.internal.TestMethodWorker.invokeTestMethods(TestMethodWorker.java:146)
at org.testng.internal.TestMethodWorker.run(TestMethodWorker.java:128)
at java.base/java.util.concurrent.ThreadPoolExecutor.runWorker(ThreadPoolExecutor.java:1136)
at java.base/java.util.concurrent.ThreadPoolExecutor$Worker.run(ThreadPoolExecutor.java:635)
at java.base/java.lang.Thread.run(Thread.java:833)
]]>
            </full-stacktrace>
          </exception> <!-- org.openqa.selenium.NoSuchElementException -->
          <reporter-output>
          </reporter-output>
        </test-method> <!-- createLeadEditLeadDeleteLead -->
        <test-method is-config="true" signature="logoutFromAppln()[pri:0, instance:com.crm.Leads.CreateLeadEditLeadDeleteLead@37d4349f]" started-at="2023-02-07T11:46:27 IST" name="logoutFromAppln" finished-at="2023-02-07T11:46:29 IST" duration-ms="1691" status="PASS">
          <reporter-output>
          </reporter-output>
        </test-method> <!-- logoutFromAppln -->
        <test-method is-config="true" signature="closeTheBrowser()[pri:0, instance:com.crm.Leads.CreateLeadEditLeadDeleteLead@37d4349f]" started-at="2023-02-07T11:46:29 IST" name="closeTheBrowser" finished-at="2023-02-07T11:46:29 IST" duration-ms="364" status="PASS">
          <reporter-output>
          </reporter-output>
        </test-method> <!-- closeTheBrowser -->
      </class> <!-- com.crm.Leads.CreateLeadEditLeadDeleteLead -->
      <class name="com.crm.SupportTickets.AddEditDeleteTicket">
        <test-method is-config="true" signature="launchTheBrowser()[pri:0, instance:com.crm.SupportTickets.AddEditDeleteTicket@3c7f66c4]" started-at="2023-02-07T11:46:35 IST" name="launchTheBrowser" finished-at="2023-02-07T11:46:38 IST" duration-ms="2881" status="PASS">
          <reporter-output>
          </reporter-output>
        </test-method> <!-- launchTheBrowser -->
        <test-method is-config="true" signature="loginToAppln()[pri:0, instance:com.crm.SupportTickets.AddEditDeleteTicket@3c7f66c4]" started-at="2023-02-07T11:46:38 IST" name="loginToAppln" finished-at="2023-02-07T11:46:43 IST" duration-ms="4414" status="PASS">
          <reporter-output>
          </reporter-output>
        </test-method> <!-- loginToAppln -->
        <test-method signature="addEditDeleteTicket()[pri:0, instance:com.crm.SupportTickets.AddEditDeleteTicket@3c7f66c4]" started-at="2023-02-07T11:46:43 IST" name="addEditDeleteTicket" finished-at="2023-02-07T11:47:05 IST" duration-ms="22215" status="PASS">
          <reporter-output>
            <line>
              <![CDATA[Ticket is created]]>
            </line>
            <line>
              <![CDATA[Ticket is edited]]>
            </line>
            <line>
              <![CDATA[Ticket is deleted]]>
            </line>
          </reporter-output>
        </test-method> <!-- addEditDeleteTicket -->
        <test-method is-config="true" signature="logoutFromAppln()[pri:0, instance:com.crm.SupportTickets.AddEditDeleteTicket@3c7f66c4]" started-at="2023-02-07T11:47:05 IST" name="logoutFromAppln" finished-at="2023-02-07T11:47:07 IST" duration-ms="1871" status="PASS">
          <reporter-output>
          </reporter-output>
        </test-method> <!-- logoutFromAppln -->
        <test-method is-config="true" signature="closeTheBrowser()[pri:0, instance:com.crm.SupportTickets.AddEditDeleteTicket@3c7f66c4]" started-at="2023-02-07T11:47:07 IST" name="closeTheBrowser" finished-at="2023-02-07T11:47:09 IST" duration-ms="2230" status="PASS">
          <reporter-output>
          </reporter-output>
        </test-method> <!-- closeTheBrowser -->
      </class> <!-- com.crm.SupportTickets.AddEditDeleteTicket -->
      <class name="com.crm.InventoryProducts.CreateEditDeleteProducts">
        <test-method is-config="true" signature="launchTheBrowser()[pri:0, instance:com.crm.InventoryProducts.CreateEditDeleteProducts@3ee37e5a]" started-at="2023-02-07T11:46:29 IST" name="launchTheBrowser" finished-at="2023-02-07T11:46:34 IST" duration-ms="5239" status="PASS">
          <reporter-output>
          </reporter-output>
        </test-method> <!-- launchTheBrowser -->
        <test-method is-config="true" signature="loginToAppln()[pri:0, instance:com.crm.InventoryProducts.CreateEditDeleteProducts@3ee37e5a]" started-at="2023-02-07T11:46:34 IST" name="loginToAppln" finished-at="2023-02-07T11:46:40 IST" duration-ms="5402" status="PASS">
          <reporter-output>
          </reporter-output>
        </test-method> <!-- loginToAppln -->
        <test-method signature="createEditDeleteProducts()[pri:0, instance:com.crm.InventoryProducts.CreateEditDeleteProducts@3ee37e5a]" started-at="2023-02-07T11:46:40 IST" name="createEditDeleteProducts" finished-at="2023-02-07T11:47:00 IST" duration-ms="19987" status="PASS">
          <reporter-output>
            <line>
              <![CDATA[Product is successfully created]]>
            </line>
            <line>
              <![CDATA[product is successfully edited]]>
            </line>
            <line>
              <![CDATA[product is successfully deleted]]>
            </line>
          </reporter-output>
        </test-method> <!-- createEditDeleteProducts -->
        <test-method is-config="true" signature="logoutFromAppln()[pri:0, instance:com.crm.InventoryProducts.CreateEditDeleteProducts@3ee37e5a]" started-at="2023-02-07T11:47:00 IST" name="logoutFromAppln" finished-at="2023-02-07T11:47:03 IST" duration-ms="2998" status="PASS">
          <reporter-output>
          </reporter-output>
        </test-method> <!-- logoutFromAppln -->
        <test-method is-config="true" signature="closeTheBrowser()[pri:0, instance:com.crm.InventoryProducts.CreateEditDeleteProducts@3ee37e5a]" started-at="2023-02-07T11:47:03 IST" name="closeTheBrowser" finished-at="2023-02-07T11:47:09 IST" duration-ms="6140" status="PASS">
          <reporter-output>
          </reporter-output>
        </test-method> <!-- closeTheBrowser -->
      </class> <!-- com.crm.InventoryProducts.CreateEditDeleteProducts -->
      <class name="com.crm.SalesContacts.CreateEditDeleteSalesContactTest">
        <test-method is-config="true" signature="launchTheBrowser()[pri:0, instance:com.crm.SalesContacts.CreateEditDeleteSalesContactTest@2805d709]" started-at="2023-02-07T11:46:20 IST" name="launchTheBrowser" finished-at="2023-02-07T11:46:25 IST" duration-ms="4343" status="PASS">
          <reporter-output>
          </reporter-output>
        </test-method> <!-- launchTheBrowser -->
        <test-method is-config="true" signature="loginToAppln()[pri:0, instance:com.crm.SalesContacts.CreateEditDeleteSalesContactTest@2805d709]" started-at="2023-02-07T11:46:25 IST" name="loginToAppln" finished-at="2023-02-07T11:46:29 IST" duration-ms="4172" status="PASS">
          <reporter-output>
          </reporter-output>
        </test-method> <!-- loginToAppln -->
        <test-method signature="createEditDeleteSalesContactTest()[pri:0, instance:com.crm.SalesContacts.CreateEditDeleteSalesContactTest@2805d709]" started-at="2023-02-07T11:46:29 IST" name="createEditDeleteSalesContactTest" finished-at="2023-02-07T11:46:50 IST" duration-ms="20774" status="PASS">
          <reporter-output>
            <line>
              <![CDATA[contact is created]]>
            </line>
            <line>
              <![CDATA[contact is edited successfully]]>
            </line>
            <line>
              <![CDATA[contact is deleted successfully]]>
            </line>
          </reporter-output>
        </test-method> <!-- createEditDeleteSalesContactTest -->
        <test-method is-config="true" signature="logoutFromAppln()[pri:0, instance:com.crm.SalesContacts.CreateEditDeleteSalesContactTest@2805d709]" started-at="2023-02-07T11:46:50 IST" name="logoutFromAppln" finished-at="2023-02-07T11:46:52 IST" duration-ms="2502" status="PASS">
          <reporter-output>
          </reporter-output>
        </test-method> <!-- logoutFromAppln -->
        <test-method is-config="true" signature="closeTheBrowser()[pri:0, instance:com.crm.SalesContacts.CreateEditDeleteSalesContactTest@2805d709]" started-at="2023-02-07T11:46:52 IST" name="closeTheBrowser" finished-at="2023-02-07T11:46:53 IST" duration-ms="448" status="PASS">
          <reporter-output>
          </reporter-output>
        </test-method> <!-- closeTheBrowser -->
      </class> <!-- com.crm.SalesContacts.CreateEditDeleteSalesContactTest -->
      <class name="com.crm.ProjectOOPS.CreateEditDeleteProjectOoops">
        <test-method is-config="true" signature="launchTheBrowser()[pri:0, instance:com.crm.ProjectOOPS.CreateEditDeleteProjectOoops@f0da945]" started-at="2023-02-07T11:46:53 IST" name="launchTheBrowser" finished-at="2023-02-07T11:46:55 IST" duration-ms="2891" status="PASS">
          <reporter-output>
          </reporter-output>
        </test-method> <!-- launchTheBrowser -->
        <test-method is-config="true" signature="loginToAppln()[pri:0, instance:com.crm.ProjectOOPS.CreateEditDeleteProjectOoops@f0da945]" started-at="2023-02-07T11:46:55 IST" name="loginToAppln" finished-at="2023-02-07T11:47:00 IST" duration-ms="4363" status="PASS">
          <reporter-output>
          </reporter-output>
        </test-method> <!-- loginToAppln -->
        <test-method signature="createEditDeleteProjectOoops()[pri:0, instance:com.crm.ProjectOOPS.CreateEditDeleteProjectOoops@f0da945]" started-at="2023-02-07T11:47:00 IST" name="createEditDeleteProjectOoops" finished-at="2023-02-07T11:47:17 IST" duration-ms="17099" status="PASS">
          <reporter-output>
            <line>
              <![CDATA[project oops is created]]>
            </line>
            <line>
              <![CDATA[ProjectName is successfully edited]]>
            </line>
            <line>
              <![CDATA[Project is successfully deleted]]>
            </line>
          </reporter-output>
        </test-method> <!-- createEditDeleteProjectOoops -->
        <test-method is-config="true" signature="logoutFromAppln()[pri:0, instance:com.crm.ProjectOOPS.CreateEditDeleteProjectOoops@f0da945]" started-at="2023-02-07T11:47:17 IST" name="logoutFromAppln" finished-at="2023-02-07T11:47:19 IST" duration-ms="1745" status="PASS">
          <reporter-output>
          </reporter-output>
        </test-method> <!-- logoutFromAppln -->
        <test-method is-config="true" signature="closeTheBrowser()[pri:0, instance:com.crm.ProjectOOPS.CreateEditDeleteProjectOoops@f0da945]" started-at="2023-02-07T11:47:19 IST" name="closeTheBrowser" finished-at="2023-02-07T11:47:19 IST" duration-ms="315" status="PASS">
          <reporter-output>
          </reporter-output>
        </test-method> <!-- closeTheBrowser -->
      </class> <!-- com.crm.ProjectOOPS.CreateEditDeleteProjectOoops -->
      <class name="com.crm.organisation.CreateEditDeleteOrganisation">
        <test-method is-config="true" signature="dbConfig()[pri:0, instance:com.crm.organisation.CreateEditDeleteOrganisation@c88a337]" started-at="2023-02-07T11:46:01 IST" name="dbConfig" finished-at="2023-02-07T11:46:01 IST" duration-ms="6" status="PASS">
          <reporter-output>
          </reporter-output>
        </test-method> <!-- dbConfig -->
        <test-method is-config="true" signature="launchTheBrowser()[pri:0, instance:com.crm.organisation.CreateEditDeleteOrganisation@c88a337]" started-at="2023-02-07T11:46:01 IST" name="launchTheBrowser" finished-at="2023-02-07T11:46:12 IST" duration-ms="10648" status="PASS">
          <reporter-output>
          </reporter-output>
        </test-method> <!-- launchTheBrowser -->
        <test-method is-config="true" signature="loginToAppln()[pri:0, instance:com.crm.organisation.CreateEditDeleteOrganisation@c88a337]" started-at="2023-02-07T11:46:12 IST" name="loginToAppln" finished-at="2023-02-07T11:46:18 IST" duration-ms="5979" status="PASS">
          <reporter-output>
          </reporter-output>
        </test-method> <!-- loginToAppln -->
        <test-method signature="createEditDeleteOrganisation()[pri:0, instance:com.crm.organisation.CreateEditDeleteOrganisation@c88a337]" started-at="2023-02-07T11:46:18 IST" name="createEditDeleteOrganisation" finished-at="2023-02-07T11:46:32 IST" duration-ms="14303" status="FAIL">
          <exception class="java.io.IOException">
            <message>
              <![CDATA[Truncated ZIP file]]>
            </message>
            <full-stacktrace>
              <![CDATA[java.io.IOException: Truncated ZIP file
at org.apache.commons.compress.archivers.zip.ZipArchiveInputStream.readDeflated(ZipArchiveInputStream.java:560)
at org.apache.commons.compress.archivers.zip.ZipArchiveInputStream.read(ZipArchiveInputStream.java:458)
at java.base/java.io.FilterInputStream.read(FilterInputStream.java:132)
at org.apache.poi.openxml4j.util.ZipArchiveThresholdInputStream.read(ZipArchiveThresholdInputStream.java:80)
at org.apache.poi.util.IOUtils.toByteArray(IOUtils.java:182)
at org.apache.poi.util.IOUtils.toByteArray(IOUtils.java:149)
at org.apache.poi.util.IOUtils.toByteArray(IOUtils.java:136)
at org.apache.poi.openxml4j.util.ZipArchiveFakeEntry.<init>(ZipArchiveFakeEntry.java:47)
at org.apache.poi.openxml4j.util.ZipInputStreamZipEntrySource.<init>(ZipInputStreamZipEntrySource.java:53)
at org.apache.poi.openxml4j.opc.ZipPackage.<init>(ZipPackage.java:106)
at org.apache.poi.openxml4j.opc.OPCPackage.open(OPCPackage.java:307)
at org.apache.poi.xssf.usermodel.XSSFWorkbookFactory.createWorkbook(XSSFWorkbookFactory.java:146)
at org.apache.poi.ss.usermodel.WorkbookFactory.create(WorkbookFactory.java:256)
at org.apache.poi.ss.usermodel.WorkbookFactory.create(WorkbookFactory.java:221)
at com.crm.genericUtilities.ExcelUtility.writeDataIntoExcel(ExcelUtility.java:39)
at com.crm.organisation.CreateEditDeleteOrganisation.createEditDeleteOrganisation(CreateEditDeleteOrganisation.java:40)
at java.base/jdk.internal.reflect.NativeMethodAccessorImpl.invoke0(Native Method)
at java.base/jdk.internal.reflect.NativeMethodAccessorImpl.invoke(NativeMethodAccessorImpl.java:77)
at java.base/jdk.internal.reflect.DelegatingMethodAccessorImpl.invoke(DelegatingMethodAccessorImpl.java:43)
at java.base/java.lang.reflect.Method.invoke(Method.java:568)
at org.testng.internal.MethodInvocationHelper.invokeMethod(MethodInvocationHelper.java:133)
at org.testng.internal.TestInvoker.invokeMethod(TestInvoker.java:598)
at org.testng.internal.TestInvoker.invokeTestMethod(TestInvoker.java:173)
at org.testng.internal.MethodRunner.runInSequence(MethodRunner.java:46)
at org.testng.internal.TestInvoker$MethodInvocationAgent.invoke(TestInvoker.java:824)
at org.testng.internal.TestInvoker.invokeTestMethods(TestInvoker.java:146)
at org.testng.internal.TestMethodWorker.invokeTestMethods(TestMethodWorker.java:146)
at org.testng.internal.TestMethodWorker.run(TestMethodWorker.java:128)
at java.base/java.util.concurrent.ThreadPoolExecutor.runWorker(ThreadPoolExecutor.java:1136)
at java.base/java.util.concurrent.ThreadPoolExecutor$Worker.run(ThreadPoolExecutor.java:635)
at java.base/java.lang.Thread.run(Thread.java:833)
]]>
            </full-stacktrace>
          </exception> <!-- java.io.IOException -->
          <reporter-output>
          </reporter-output>
        </test-method> <!-- createEditDeleteOrganisation -->
        <test-method is-config="true" signature="logoutFromAppln()[pri:0, instance:com.crm.organisation.CreateEditDeleteOrganisation@c88a337]" started-at="2023-02-07T11:46:32 IST" name="logoutFromAppln" finished-at="2023-02-07T11:46:35 IST" duration-ms="2592" status="PASS">
          <reporter-output>
          </reporter-output>
        </test-method> <!-- logoutFromAppln -->
        <test-method is-config="true" signature="closeTheBrowser()[pri:0, instance:com.crm.organisation.CreateEditDeleteOrganisation@c88a337]" started-at="2023-02-07T11:46:35 IST" name="closeTheBrowser" finished-at="2023-02-07T11:46:35 IST" duration-ms="517" status="PASS">
          <reporter-output>
          </reporter-output>
        </test-method> <!-- closeTheBrowser -->
        <test-method is-config="true" signature="closeDBconfig()[pri:0, instance:com.crm.organisation.CreateEditDeleteOrganisation@c88a337]" started-at="2023-02-07T11:47:27 IST" name="closeDBconfig" finished-at="2023-02-07T11:47:27 IST" duration-ms="0" status="PASS">
          <reporter-output>
          </reporter-output>
        </test-method> <!-- closeDBconfig -->
      </class> <!-- com.crm.organisation.CreateEditDeleteOrganisation -->
      <class name="com.crm.SalesOrganisation.CreateEditDeleteOrganisationTest">
        <test-method is-config="true" signature="launchTheBrowser()[pri:0, instance:com.crm.SalesOrganisation.CreateEditDeleteOrganisationTest@194bcebf]" started-at="2023-02-07T11:46:47 IST" name="launchTheBrowser" finished-at="2023-02-07T11:46:52 IST" duration-ms="4458" status="PASS">
          <reporter-output>
          </reporter-output>
        </test-method> <!-- launchTheBrowser -->
        <test-method is-config="true" signature="loginToAppln()[pri:0, instance:com.crm.SalesOrganisation.CreateEditDeleteOrganisationTest@194bcebf]" started-at="2023-02-07T11:46:52 IST" name="loginToAppln" finished-at="2023-02-07T11:46:56 IST" duration-ms="4682" status="PASS">
          <reporter-output>
          </reporter-output>
        </test-method> <!-- loginToAppln -->
        <test-method signature="createEditDeleteTest()[pri:0, instance:com.crm.SalesOrganisation.CreateEditDeleteOrganisationTest@194bcebf]" started-at="2023-02-07T11:46:56 IST" name="createEditDeleteTest" finished-at="2023-02-07T11:47:15 IST" duration-ms="18608" status="PASS">
          <reporter-output>
            <line>
              <![CDATA[Organisation is created]]>
            </line>
            <line>
              <![CDATA[Organisation is edited successfully]]>
            </line>
            <line>
              <![CDATA[Organisation is deleted successfully]]>
            </line>
          </reporter-output>
        </test-method> <!-- createEditDeleteTest -->
        <test-method is-config="true" signature="logoutFromAppln()[pri:0, instance:com.crm.SalesOrganisation.CreateEditDeleteOrganisationTest@194bcebf]" started-at="2023-02-07T11:47:15 IST" name="logoutFromAppln" finished-at="2023-02-07T11:47:18 IST" duration-ms="2573" status="PASS">
          <reporter-output>
          </reporter-output>
        </test-method> <!-- logoutFromAppln -->
        <test-method is-config="true" signature="closeTheBrowser()[pri:0, instance:com.crm.SalesOrganisation.CreateEditDeleteOrganisationTest@194bcebf]" started-at="2023-02-07T11:47:18 IST" name="closeTheBrowser" finished-at="2023-02-07T11:47:18 IST" duration-ms="178" status="PASS">
          <reporter-output>
          </reporter-output>
        </test-method> <!-- closeTheBrowser -->
      </class> <!-- com.crm.SalesOrganisation.CreateEditDeleteOrganisationTest -->
      <class name="com.crm.createCampaigns.CreateCampaignTest">
        <test-method is-config="true" signature="launchTheBrowser()[pri:0, instance:com.crm.createCampaigns.CreateCampaignTest@5b03b9fe]" started-at="2023-02-07T11:46:01 IST" name="launchTheBrowser" finished-at="2023-02-07T11:46:12 IST" duration-ms="10598" status="PASS">
          <reporter-output>
          </reporter-output>
        </test-method> <!-- launchTheBrowser -->
        <test-method is-config="true" signature="loginToAppln()[pri:0, instance:com.crm.createCampaigns.CreateCampaignTest@5b03b9fe]" started-at="2023-02-07T11:46:12 IST" name="loginToAppln" finished-at="2023-02-07T11:46:17 IST" duration-ms="4879" status="PASS">
          <reporter-output>
          </reporter-output>
        </test-method> <!-- loginToAppln -->
        <test-method signature="createCampaignTest()[pri:0, instance:com.crm.createCampaigns.CreateCampaignTest@5b03b9fe]" started-at="2023-02-07T11:46:17 IST" name="createCampaignTest" finished-at="2023-02-07T11:46:48 IST" duration-ms="30742" status="PASS">
          <reporter-output>
            <line>
              <![CDATA[Campaign is created]]>
            </line>
            <line>
              <![CDATA[Campaign is edited]]>
            </line>
            <line>
              <![CDATA[Campaign is deleted]]>
            </line>
          </reporter-output>
        </test-method> <!-- createCampaignTest -->
        <test-method is-config="true" signature="logoutFromAppln()[pri:0, instance:com.crm.createCampaigns.CreateCampaignTest@5b03b9fe]" started-at="2023-02-07T11:46:48 IST" name="logoutFromAppln" finished-at="2023-02-07T11:46:50 IST" duration-ms="2237" status="PASS">
          <reporter-output>
          </reporter-output>
        </test-method> <!-- logoutFromAppln -->
        <test-method is-config="true" signature="closeTheBrowser()[pri:0, instance:com.crm.createCampaigns.CreateCampaignTest@5b03b9fe]" started-at="2023-02-07T11:46:50 IST" name="closeTheBrowser" finished-at="2023-02-07T11:46:50 IST" duration-ms="485" status="PASS">
          <reporter-output>
          </reporter-output>
        </test-method> <!-- closeTheBrowser -->
      </class> <!-- com.crm.createCampaigns.CreateCampaignTest -->
    </test> <!-- Test -->
  </suite> <!-- Suite -->
</testng-results>
